<?xml version="1.0" encoding="UTF-8"?>
<testng-results skipped="0" failed="0" ignored="1" total="2" passed="1">
  <reporter-output>
  </reporter-output>
  <suite name="Default suite" duration-ms="20" started-at="2019-03-18T03:59:01Z" finished-at="2019-03-18T03:59:01Z">
    <groups>
    </groups>
    <test name="Default test" duration-ms="20" started-at="2019-03-18T03:59:01Z" finished-at="2019-03-18T03:59:01Z">
      <class name="br.carloskafka.planetstarwarscommons.dto.TestesPlanetaDTO">
        <test-method status="PASS" signature="dado_um_novo_planetadto_quando_for_criado_entao_retorna_um_novo()[pri:0, instance:br.carloskafka.planetstarwarscommons.dto.TestesPlanetaDTO@6093dd95]" name="dado_um_novo_planetadto_quando_for_criado_entao_retorna_um_novo" duration-ms="16" started-at="2019-03-18T03:59:01Z" finished-at="2019-03-18T03:59:01Z">
          <reporter-output>
          </reporter-output>
        </test-method> <!-- dado_um_novo_planetadto_quando_for_criado_entao_retorna_um_novo -->
      </class> <!-- br.carloskafka.planetstarwarscommons.dto.TestesPlanetaDTO -->
    </test> <!-- Default test -->
  </suite> <!-- Default suite -->
</testng-results>
